Jan 25, 2015 1:31:02 AM com.sun.jersey.server.impl.application.WebApplicationImpl _initiate
INFO: Initiating Jersey application, version 'Jersey: 1.9 09/02/2011 11:17 AM'
Jan 25, 2015 1:31:03 AM com.sun.jersey.server.impl.application.WebApplicationImpl _initiate
INFO: Initiating Jersey application, version 'Jersey: 1.9 09/02/2011 11:17 AM'
Jan 25, 2015 1:31:03 AM com.sun.jersey.server.impl.application.WebApplicationImpl _initiate
INFO: Initiating Jersey application, version 'Jersey: 1.9 09/02/2011 11:17 AM'
Jan 25, 2015 1:42:13 AM com.sun.jersey.server.impl.application.WebApplicationImpl _initiate
INFO: Initiating Jersey application, version 'Jersey: 1.9 09/02/2011 11:17 AM'
Jan 25, 2015 1:42:13 AM com.sun.jersey.server.impl.application.WebApplicationImpl _initiate
INFO: Initiating Jersey application, version 'Jersey: 1.9 09/02/2011 11:17 AM'
Jan 25, 2015 1:42:14 AM com.sun.jersey.server.impl.application.WebApplicationImpl _initiate
INFO: Initiating Jersey application, version 'Jersey: 1.9 09/02/2011 11:17 AM'
Jan 25, 2015 3:05:07 AM com.sun.jersey.spi.container.ContainerResponse mapMappableContainerException
SEVERE: The exception contained within MappableContainerException could not be mapped to a response, re-throwing to the HTTP container
org.neo4j.helpers.ThisShouldNotHappenError: Developer: Andres claims that: Need something with properties
	at org.neo4j.cypher.internal.compiler.v2_1.commands.expressions.Property.apply(Property.scala:43)
	at org.neo4j.cypher.internal.compiler.v2_1.pipes.ExtractPipe$$anonfun$5$$anonfun$apply$2.apply(ExtractPipe.scala:80)
	at org.neo4j.cypher.internal.compiler.v2_1.pipes.ExtractPipe$$anonfun$5$$anonfun$apply$2.apply(ExtractPipe.scala:78)
	at scala.collection.immutable.Map$Map1.foreach(Map.scala:109)
	at org.neo4j.cypher.internal.compiler.v2_1.pipes.ExtractPipe$$anonfun$5.apply(ExtractPipe.scala:78)
	at org.neo4j.cypher.internal.compiler.v2_1.pipes.ExtractPipe$$anonfun$5.apply(ExtractPipe.scala:77)
	at org.neo4j.cypher.internal.compiler.v2_1.pipes.ExtractPipe$$anonfun$internalCreateResults$1.apply(ExtractPipe.scala:100)
	at org.neo4j.cypher.internal.compiler.v2_1.pipes.ExtractPipe$$anonfun$internalCreateResults$1.apply(ExtractPipe.scala:100)
	at scala.collection.Iterator$$anon$11.next(Iterator.scala:328)
	at scala.collection.Iterator$$anon$11.next(Iterator.scala:328)
	at org.neo4j.cypher.internal.compiler.v2_1.ClosingIterator$$anonfun$next$1.apply(ClosingIterator.scala:47)
	at org.neo4j.cypher.internal.compiler.v2_1.ClosingIterator$$anonfun$next$1.apply(ClosingIterator.scala:44)
	at org.neo4j.cypher.internal.compiler.v2_1.ClosingIterator$$anonfun$failIfThrows$1.apply(ClosingIterator.scala:93)
	at org.neo4j.cypher.internal.compiler.v2_1.ClosingIterator.decoratedCypherException(ClosingIterator.scala:102)
	at org.neo4j.cypher.internal.compiler.v2_1.ClosingIterator.failIfThrows(ClosingIterator.scala:91)
	at org.neo4j.cypher.internal.compiler.v2_1.ClosingIterator.next(ClosingIterator.scala:44)
	at org.neo4j.cypher.internal.compiler.v2_1.ClosingIterator.next(ClosingIterator.scala:28)
	at scala.collection.Iterator$class.foreach(Iterator.scala:727)
	at org.neo4j.cypher.internal.compiler.v2_1.ClosingIterator.foreach(ClosingIterator.scala:28)
	at scala.collection.generic.Growable$class.$plus$plus$eq(Growable.scala:48)
	at scala.collection.mutable.ListBuffer.$plus$plus$eq(ListBuffer.scala:176)
	at scala.collection.mutable.ListBuffer.$plus$plus$eq(ListBuffer.scala:45)
	at scala.collection.TraversableOnce$class.to(TraversableOnce.scala:273)
	at org.neo4j.cypher.internal.compiler.v2_1.ClosingIterator.to(ClosingIterator.scala:28)
	at scala.collection.TraversableOnce$class.toList(TraversableOnce.scala:257)
	at org.neo4j.cypher.internal.compiler.v2_1.ClosingIterator.toList(ClosingIterator.scala:28)
	at org.neo4j.cypher.internal.compiler.v2_1.PipeExecutionResult.eagerResult(PipeExecutionResult.scala:102)
	at org.neo4j.cypher.internal.compiler.v2_1.PipeExecutionResult.dumpToString(PipeExecutionResult.scala:108)
	at org.neo4j.cypher.javacompat.ExecutionResult.toString(ExecutionResult.java:125)
	at org.neo4j.shell.kernel.apps.cypher.Start.printResult(Start.java:106)
	at org.neo4j.shell.kernel.apps.cypher.Start.handleResult(Start.java:101)
	at org.neo4j.shell.kernel.apps.cypher.Start.exec(Start.java:73)
	at org.neo4j.shell.kernel.apps.TransactionProvidingApp.execute(TransactionProvidingApp.java:222)
	at org.neo4j.shell.impl.AbstractAppServer.interpretLine(AbstractAppServer.java:117)
	at org.neo4j.shell.kernel.GraphDatabaseShellServer.interpretLine(GraphDatabaseShellServer.java:93)
	at org.neo4j.shell.impl.AbstractClient.evaluate(AbstractClient.java:110)
	at org.neo4j.shell.impl.AbstractClient.evaluate(AbstractClient.java:94)
	at org.neo4j.server.webadmin.console.ShellSession.evaluate(ShellSession.java:106)
	at org.neo4j.server.webadmin.rest.console.ConsoleService.exec(ConsoleService.java:134)
	at sun.reflect.GeneratedMethodAccessor73.invoke(Unknown Source)
	at sun.reflect.DelegatingMethodAccessorImpl.invoke(DelegatingMethodAccessorImpl.java:43)
	at java.lang.reflect.Method.invoke(Method.java:483)
	at com.sun.jersey.spi.container.JavaMethodInvokerFactory$1.invoke(JavaMethodInvokerFactory.java:60)
	at com.sun.jersey.server.impl.model.method.dispatch.AbstractResourceMethodDispatchProvider$ResponseOutInvoker._dispatch(AbstractResourceMethodDispatchProvider.java:205)
	at com.sun.jersey.server.impl.model.method.dispatch.ResourceJavaMethodDispatcher.dispatch(ResourceJavaMethodDispatcher.java:75)
	at org.neo4j.server.rest.transactional.TransactionalRequestDispatcher.dispatch(TransactionalRequestDispatcher.java:139)
	at com.sun.jersey.server.impl.uri.rules.HttpMethodRule.accept(HttpMethodRule.java:288)
	at com.sun.jersey.server.impl.uri.rules.ResourceClassRule.accept(ResourceClassRule.java:108)
	at com.sun.jersey.server.impl.uri.rules.RightHandPathRule.accept(RightHandPathRule.java:147)
	at com.sun.jersey.server.impl.uri.rules.RootResourceClassesRule.accept(RootResourceClassesRule.java:84)
	at com.sun.jersey.server.impl.application.WebApplicationImpl._handleRequest(WebApplicationImpl.java:1469)
	at com.sun.jersey.server.impl.application.WebApplicationImpl._handleRequest(WebApplicationImpl.java:1400)
	at com.sun.jersey.server.impl.application.WebApplicationImpl.handleRequest(WebApplicationImpl.java:1349)
	at com.sun.jersey.server.impl.application.WebApplicationImpl.handleRequest(WebApplicationImpl.java:1339)
	at com.sun.jersey.spi.container.servlet.WebComponent.service(WebComponent.java:416)
	at com.sun.jersey.spi.container.servlet.ServletContainer.service(ServletContainer.java:537)
	at com.sun.jersey.spi.container.servlet.ServletContainer.service(ServletContainer.java:699)
	at javax.servlet.http.HttpServlet.service(HttpServlet.java:848)
	at org.eclipse.jetty.servlet.ServletHolder.handle(ServletHolder.java:698)
	at org.eclipse.jetty.servlet.ServletHandler.doHandle(ServletHandler.java:505)
	at org.eclipse.jetty.server.session.SessionHandler.doHandle(SessionHandler.java:211)
	at org.eclipse.jetty.server.handler.ContextHandler.doHandle(ContextHandler.java:1096)
	at org.eclipse.jetty.servlet.ServletHandler.doScope(ServletHandler.java:432)
	at org.eclipse.jetty.server.session.SessionHandler.doScope(SessionHandler.java:175)
	at org.eclipse.jetty.server.handler.ContextHandler.doScope(ContextHandler.java:1030)
	at org.eclipse.jetty.server.handler.ScopedHandler.handle(ScopedHandler.java:136)
	at org.eclipse.jetty.server.handler.HandlerList.handle(HandlerList.java:52)
	at org.eclipse.jetty.server.handler.HandlerWrapper.handle(HandlerWrapper.java:97)
	at org.eclipse.jetty.server.Server.handle(Server.java:445)
	at org.eclipse.jetty.server.HttpChannel.handle(HttpChannel.java:268)
	at org.eclipse.jetty.server.HttpConnection.onFillable(HttpConnection.java:229)
	at org.eclipse.jetty.io.AbstractConnection$ReadCallback.run(AbstractConnection.java:358)
	at org.eclipse.jetty.util.thread.QueuedThreadPool.runJob(QueuedThreadPool.java:601)
	at org.eclipse.jetty.util.thread.QueuedThreadPool$3.run(QueuedThreadPool.java:532)
	at java.lang.Thread.run(Thread.java:745)

Jan 25, 2015 3:25:10 AM com.sun.jersey.spi.container.ContainerResponse mapMappableContainerException
SEVERE: The exception contained within MappableContainerException could not be mapped to a response, re-throwing to the HTTP container
org.neo4j.helpers.ThisShouldNotHappenError: Developer: Andres claims that: Need something with properties
	at org.neo4j.cypher.internal.compiler.v2_1.commands.expressions.Property.apply(Property.scala:43)
	at org.neo4j.cypher.internal.compiler.v2_1.pipes.ExtractPipe$$anonfun$5$$anonfun$apply$2.apply(ExtractPipe.scala:80)
	at org.neo4j.cypher.internal.compiler.v2_1.pipes.ExtractPipe$$anonfun$5$$anonfun$apply$2.apply(ExtractPipe.scala:78)
	at scala.collection.immutable.Map$Map1.foreach(Map.scala:109)
	at org.neo4j.cypher.internal.compiler.v2_1.pipes.ExtractPipe$$anonfun$5.apply(ExtractPipe.scala:78)
	at org.neo4j.cypher.internal.compiler.v2_1.pipes.ExtractPipe$$anonfun$5.apply(ExtractPipe.scala:77)
	at org.neo4j.cypher.internal.compiler.v2_1.pipes.ExtractPipe$$anonfun$internalCreateResults$1.apply(ExtractPipe.scala:100)
	at org.neo4j.cypher.internal.compiler.v2_1.pipes.ExtractPipe$$anonfun$internalCreateResults$1.apply(ExtractPipe.scala:100)
	at scala.collection.Iterator$$anon$11.next(Iterator.scala:328)
	at scala.collection.Iterator$$anon$11.next(Iterator.scala:328)
	at org.neo4j.cypher.internal.compiler.v2_1.ClosingIterator$$anonfun$next$1.apply(ClosingIterator.scala:47)
	at org.neo4j.cypher.internal.compiler.v2_1.ClosingIterator$$anonfun$next$1.apply(ClosingIterator.scala:44)
	at org.neo4j.cypher.internal.compiler.v2_1.ClosingIterator$$anonfun$failIfThrows$1.apply(ClosingIterator.scala:93)
	at org.neo4j.cypher.internal.compiler.v2_1.ClosingIterator.decoratedCypherException(ClosingIterator.scala:102)
	at org.neo4j.cypher.internal.compiler.v2_1.ClosingIterator.failIfThrows(ClosingIterator.scala:91)
	at org.neo4j.cypher.internal.compiler.v2_1.ClosingIterator.next(ClosingIterator.scala:44)
	at org.neo4j.cypher.internal.compiler.v2_1.ClosingIterator.next(ClosingIterator.scala:28)
	at scala.collection.Iterator$class.foreach(Iterator.scala:727)
	at org.neo4j.cypher.internal.compiler.v2_1.ClosingIterator.foreach(ClosingIterator.scala:28)
	at scala.collection.generic.Growable$class.$plus$plus$eq(Growable.scala:48)
	at scala.collection.mutable.ListBuffer.$plus$plus$eq(ListBuffer.scala:176)
	at scala.collection.mutable.ListBuffer.$plus$plus$eq(ListBuffer.scala:45)
	at scala.collection.TraversableOnce$class.to(TraversableOnce.scala:273)
	at org.neo4j.cypher.internal.compiler.v2_1.ClosingIterator.to(ClosingIterator.scala:28)
	at scala.collection.TraversableOnce$class.toList(TraversableOnce.scala:257)
	at org.neo4j.cypher.internal.compiler.v2_1.ClosingIterator.toList(ClosingIterator.scala:28)
	at org.neo4j.cypher.internal.compiler.v2_1.PipeExecutionResult.eagerResult(PipeExecutionResult.scala:102)
	at org.neo4j.cypher.internal.compiler.v2_1.PipeExecutionResult.dumpToString(PipeExecutionResult.scala:108)
	at org.neo4j.cypher.javacompat.ExecutionResult.toString(ExecutionResult.java:125)
	at org.neo4j.shell.kernel.apps.cypher.Start.printResult(Start.java:106)
	at org.neo4j.shell.kernel.apps.cypher.Start.handleResult(Start.java:101)
	at org.neo4j.shell.kernel.apps.cypher.Start.exec(Start.java:73)
	at org.neo4j.shell.kernel.apps.TransactionProvidingApp.execute(TransactionProvidingApp.java:222)
	at org.neo4j.shell.impl.AbstractAppServer.interpretLine(AbstractAppServer.java:117)
	at org.neo4j.shell.kernel.GraphDatabaseShellServer.interpretLine(GraphDatabaseShellServer.java:93)
	at org.neo4j.shell.impl.AbstractClient.evaluate(AbstractClient.java:110)
	at org.neo4j.shell.impl.AbstractClient.evaluate(AbstractClient.java:94)
	at org.neo4j.server.webadmin.console.ShellSession.evaluate(ShellSession.java:106)
	at org.neo4j.server.webadmin.rest.console.ConsoleService.exec(ConsoleService.java:134)
	at sun.reflect.GeneratedMethodAccessor73.invoke(Unknown Source)
	at sun.reflect.DelegatingMethodAccessorImpl.invoke(DelegatingMethodAccessorImpl.java:43)
	at java.lang.reflect.Method.invoke(Method.java:483)
	at com.sun.jersey.spi.container.JavaMethodInvokerFactory$1.invoke(JavaMethodInvokerFactory.java:60)
	at com.sun.jersey.server.impl.model.method.dispatch.AbstractResourceMethodDispatchProvider$ResponseOutInvoker._dispatch(AbstractResourceMethodDispatchProvider.java:205)
	at com.sun.jersey.server.impl.model.method.dispatch.ResourceJavaMethodDispatcher.dispatch(ResourceJavaMethodDispatcher.java:75)
	at org.neo4j.server.rest.transactional.TransactionalRequestDispatcher.dispatch(TransactionalRequestDispatcher.java:139)
	at com.sun.jersey.server.impl.uri.rules.HttpMethodRule.accept(HttpMethodRule.java:288)
	at com.sun.jersey.server.impl.uri.rules.ResourceClassRule.accept(ResourceClassRule.java:108)
	at com.sun.jersey.server.impl.uri.rules.RightHandPathRule.accept(RightHandPathRule.java:147)
	at com.sun.jersey.server.impl.uri.rules.RootResourceClassesRule.accept(RootResourceClassesRule.java:84)
	at com.sun.jersey.server.impl.application.WebApplicationImpl._handleRequest(WebApplicationImpl.java:1469)
	at com.sun.jersey.server.impl.application.WebApplicationImpl._handleRequest(WebApplicationImpl.java:1400)
	at com.sun.jersey.server.impl.application.WebApplicationImpl.handleRequest(WebApplicationImpl.java:1349)
	at com.sun.jersey.server.impl.application.WebApplicationImpl.handleRequest(WebApplicationImpl.java:1339)
	at com.sun.jersey.spi.container.servlet.WebComponent.service(WebComponent.java:416)
	at com.sun.jersey.spi.container.servlet.ServletContainer.service(ServletContainer.java:537)
	at com.sun.jersey.spi.container.servlet.ServletContainer.service(ServletContainer.java:699)
	at javax.servlet.http.HttpServlet.service(HttpServlet.java:848)
	at org.eclipse.jetty.servlet.ServletHolder.handle(ServletHolder.java:698)
	at org.eclipse.jetty.servlet.ServletHandler.doHandle(ServletHandler.java:505)
	at org.eclipse.jetty.server.session.SessionHandler.doHandle(SessionHandler.java:211)
	at org.eclipse.jetty.server.handler.ContextHandler.doHandle(ContextHandler.java:1096)
	at org.eclipse.jetty.servlet.ServletHandler.doScope(ServletHandler.java:432)
	at org.eclipse.jetty.server.session.SessionHandler.doScope(SessionHandler.java:175)
	at org.eclipse.jetty.server.handler.ContextHandler.doScope(ContextHandler.java:1030)
	at org.eclipse.jetty.server.handler.ScopedHandler.handle(ScopedHandler.java:136)
	at org.eclipse.jetty.server.handler.HandlerList.handle(HandlerList.java:52)
	at org.eclipse.jetty.server.handler.HandlerWrapper.handle(HandlerWrapper.java:97)
	at org.eclipse.jetty.server.Server.handle(Server.java:445)
	at org.eclipse.jetty.server.HttpChannel.handle(HttpChannel.java:268)
	at org.eclipse.jetty.server.HttpConnection.onFillable(HttpConnection.java:229)
	at org.eclipse.jetty.io.AbstractConnection$ReadCallback.run(AbstractConnection.java:358)
	at org.eclipse.jetty.util.thread.QueuedThreadPool.runJob(QueuedThreadPool.java:601)
	at org.eclipse.jetty.util.thread.QueuedThreadPool$3.run(QueuedThreadPool.java:532)
	at java.lang.Thread.run(Thread.java:745)

Jan 25, 2015 12:33:27 PM com.sun.jersey.spi.container.ContainerResponse mapMappableContainerException
SEVERE: The RuntimeException could not be mapped to a response, re-throwing to the HTTP container
java.lang.IllegalArgumentException: (null) property key is not allowed
	at org.neo4j.kernel.impl.core.RelationshipProxy.getProperty(RelationshipProxy.java:179)
	at org.neo4j.graphalgo.impl.util.DoubleEvaluator.getCost(DoubleEvaluator.java:38)
	at org.neo4j.graphalgo.impl.util.DoubleEvaluator.getCost(DoubleEvaluator.java:26)
	at org.neo4j.graphalgo.impl.path.Dijkstra$SelectorFactory.calculateValue(Dijkstra.java:143)
	at org.neo4j.graphalgo.impl.path.Dijkstra$SelectorFactory.calculateValue(Dijkstra.java:130)
	at org.neo4j.graphalgo.impl.util.BestFirstSelectorFactory$BestFirstSelector.next(BestFirstSelectorFactory.java:179)
	at org.neo4j.kernel.impl.traversal.MonoDirectionalTraverserIterator.fetchNextOrNull(MonoDirectionalTraverserIterator.java:68)
	at org.neo4j.kernel.impl.traversal.MonoDirectionalTraverserIterator.fetchNextOrNull(MonoDirectionalTraverserIterator.java:35)
	at org.neo4j.helpers.collection.PrefetchingIterator.peek(PrefetchingIterator.java:60)
	at org.neo4j.helpers.collection.PrefetchingIterator.hasNext(PrefetchingIterator.java:46)
	at org.neo4j.graphalgo.impl.util.WeightedPathIterator.fetchNextOrNull(WeightedPathIterator.java:47)
	at org.neo4j.graphalgo.impl.util.WeightedPathIterator.fetchNextOrNull(WeightedPathIterator.java:29)
	at org.neo4j.helpers.collection.PrefetchingIterator.peek(PrefetchingIterator.java:60)
	at org.neo4j.helpers.collection.PrefetchingIterator.hasNext(PrefetchingIterator.java:46)
	at org.neo4j.helpers.collection.IteratorWrapper.hasNext(IteratorWrapper.java:42)
	at org.neo4j.server.rest.repr.ListRepresentation.serialize(ListRepresentation.java:71)
	at org.neo4j.server.rest.repr.ListRepresentation.serialize(ListRepresentation.java:51)
	at org.neo4j.server.rest.repr.OutputFormat.assemble(OutputFormat.java:219)
	at org.neo4j.server.rest.repr.OutputFormat.formatRepresentation(OutputFormat.java:151)
	at org.neo4j.server.rest.repr.OutputFormat.response(OutputFormat.java:134)
	at org.neo4j.server.rest.repr.OutputFormat.ok(OutputFormat.java:71)
	at org.neo4j.server.rest.web.RestfulGraphDatabase.allPaths(RestfulGraphDatabase.java:1698)
	at sun.reflect.NativeMethodAccessorImpl.invoke0(Native Method)
	at sun.reflect.NativeMethodAccessorImpl.invoke(NativeMethodAccessorImpl.java:62)
	at sun.reflect.DelegatingMethodAccessorImpl.invoke(DelegatingMethodAccessorImpl.java:43)
	at java.lang.reflect.Method.invoke(Method.java:483)
	at com.sun.jersey.spi.container.JavaMethodInvokerFactory$1.invoke(JavaMethodInvokerFactory.java:60)
	at com.sun.jersey.server.impl.model.method.dispatch.AbstractResourceMethodDispatchProvider$ResponseOutInvoker._dispatch(AbstractResourceMethodDispatchProvider.java:205)
	at com.sun.jersey.server.impl.model.method.dispatch.ResourceJavaMethodDispatcher.dispatch(ResourceJavaMethodDispatcher.java:75)
	at org.neo4j.server.rest.transactional.TransactionalRequestDispatcher.dispatch(TransactionalRequestDispatcher.java:139)
	at com.sun.jersey.server.impl.uri.rules.HttpMethodRule.accept(HttpMethodRule.java:288)
	at com.sun.jersey.server.impl.uri.rules.RightHandPathRule.accept(RightHandPathRule.java:147)
	at com.sun.jersey.server.impl.uri.rules.ResourceClassRule.accept(ResourceClassRule.java:108)
	at com.sun.jersey.server.impl.uri.rules.RightHandPathRule.accept(RightHandPathRule.java:147)
	at com.sun.jersey.server.impl.uri.rules.RootResourceClassesRule.accept(RootResourceClassesRule.java:84)
	at com.sun.jersey.server.impl.application.WebApplicationImpl._handleRequest(WebApplicationImpl.java:1469)
	at com.sun.jersey.server.impl.application.WebApplicationImpl._handleRequest(WebApplicationImpl.java:1400)
	at com.sun.jersey.server.impl.application.WebApplicationImpl.handleRequest(WebApplicationImpl.java:1349)
	at com.sun.jersey.server.impl.application.WebApplicationImpl.handleRequest(WebApplicationImpl.java:1339)
	at com.sun.jersey.spi.container.servlet.WebComponent.service(WebComponent.java:416)
	at com.sun.jersey.spi.container.servlet.ServletContainer.service(ServletContainer.java:537)
	at com.sun.jersey.spi.container.servlet.ServletContainer.service(ServletContainer.java:699)
	at javax.servlet.http.HttpServlet.service(HttpServlet.java:848)
	at org.eclipse.jetty.servlet.ServletHolder.handle(ServletHolder.java:698)
	at org.eclipse.jetty.servlet.ServletHandler.doHandle(ServletHandler.java:505)
	at org.eclipse.jetty.server.session.SessionHandler.doHandle(SessionHandler.java:211)
	at org.eclipse.jetty.server.handler.ContextHandler.doHandle(ContextHandler.java:1096)
	at org.eclipse.jetty.servlet.ServletHandler.doScope(ServletHandler.java:432)
	at org.eclipse.jetty.server.session.SessionHandler.doScope(SessionHandler.java:175)
	at org.eclipse.jetty.server.handler.ContextHandler.doScope(ContextHandler.java:1030)
	at org.eclipse.jetty.server.handler.ScopedHandler.handle(ScopedHandler.java:136)
	at org.eclipse.jetty.server.handler.HandlerList.handle(HandlerList.java:52)
	at org.eclipse.jetty.server.handler.HandlerWrapper.handle(HandlerWrapper.java:97)
	at org.eclipse.jetty.server.Server.handle(Server.java:445)
	at org.eclipse.jetty.server.HttpChannel.handle(HttpChannel.java:268)
	at org.eclipse.jetty.server.HttpConnection.onFillable(HttpConnection.java:229)
	at org.eclipse.jetty.io.AbstractConnection$ReadCallback.run(AbstractConnection.java:358)
	at org.eclipse.jetty.util.thread.QueuedThreadPool.runJob(QueuedThreadPool.java:601)
	at org.eclipse.jetty.util.thread.QueuedThreadPool$3.run(QueuedThreadPool.java:532)
	at java.lang.Thread.run(Thread.java:745)

Jan 25, 2015 12:35:07 PM com.sun.jersey.spi.container.ContainerResponse mapMappableContainerException
SEVERE: The RuntimeException could not be mapped to a response, re-throwing to the HTTP container
java.lang.IllegalArgumentException: (null) property key is not allowed
	at org.neo4j.kernel.impl.core.RelationshipProxy.getProperty(RelationshipProxy.java:179)
	at org.neo4j.graphalgo.impl.util.DoubleEvaluator.getCost(DoubleEvaluator.java:38)
	at org.neo4j.graphalgo.impl.util.DoubleEvaluator.getCost(DoubleEvaluator.java:26)
	at org.neo4j.graphalgo.impl.path.Dijkstra$SelectorFactory.calculateValue(Dijkstra.java:143)
	at org.neo4j.graphalgo.impl.path.Dijkstra$SelectorFactory.calculateValue(Dijkstra.java:130)
	at org.neo4j.graphalgo.impl.util.BestFirstSelectorFactory$BestFirstSelector.next(BestFirstSelectorFactory.java:179)
	at org.neo4j.kernel.impl.traversal.MonoDirectionalTraverserIterator.fetchNextOrNull(MonoDirectionalTraverserIterator.java:68)
	at org.neo4j.kernel.impl.traversal.MonoDirectionalTraverserIterator.fetchNextOrNull(MonoDirectionalTraverserIterator.java:35)
	at org.neo4j.helpers.collection.PrefetchingIterator.peek(PrefetchingIterator.java:60)
	at org.neo4j.helpers.collection.PrefetchingIterator.hasNext(PrefetchingIterator.java:46)
	at org.neo4j.graphalgo.impl.util.WeightedPathIterator.fetchNextOrNull(WeightedPathIterator.java:47)
	at org.neo4j.graphalgo.impl.util.WeightedPathIterator.fetchNextOrNull(WeightedPathIterator.java:29)
	at org.neo4j.helpers.collection.PrefetchingIterator.peek(PrefetchingIterator.java:60)
	at org.neo4j.helpers.collection.PrefetchingIterator.hasNext(PrefetchingIterator.java:46)
	at org.neo4j.helpers.collection.IteratorWrapper.hasNext(IteratorWrapper.java:42)
	at org.neo4j.server.rest.repr.ListRepresentation.serialize(ListRepresentation.java:71)
	at org.neo4j.server.rest.repr.ListRepresentation.serialize(ListRepresentation.java:51)
	at org.neo4j.server.rest.repr.OutputFormat.assemble(OutputFormat.java:219)
	at org.neo4j.server.rest.repr.OutputFormat.formatRepresentation(OutputFormat.java:151)
	at org.neo4j.server.rest.repr.OutputFormat.response(OutputFormat.java:134)
	at org.neo4j.server.rest.repr.OutputFormat.ok(OutputFormat.java:71)
	at org.neo4j.server.rest.web.RestfulGraphDatabase.allPaths(RestfulGraphDatabase.java:1698)
	at sun.reflect.NativeMethodAccessorImpl.invoke0(Native Method)
	at sun.reflect.NativeMethodAccessorImpl.invoke(NativeMethodAccessorImpl.java:62)
	at sun.reflect.DelegatingMethodAccessorImpl.invoke(DelegatingMethodAccessorImpl.java:43)
	at java.lang.reflect.Method.invoke(Method.java:483)
	at com.sun.jersey.spi.container.JavaMethodInvokerFactory$1.invoke(JavaMethodInvokerFactory.java:60)
	at com.sun.jersey.server.impl.model.method.dispatch.AbstractResourceMethodDispatchProvider$ResponseOutInvoker._dispatch(AbstractResourceMethodDispatchProvider.java:205)
	at com.sun.jersey.server.impl.model.method.dispatch.ResourceJavaMethodDispatcher.dispatch(ResourceJavaMethodDispatcher.java:75)
	at org.neo4j.server.rest.transactional.TransactionalRequestDispatcher.dispatch(TransactionalRequestDispatcher.java:139)
	at com.sun.jersey.server.impl.uri.rules.HttpMethodRule.accept(HttpMethodRule.java:288)
	at com.sun.jersey.server.impl.uri.rules.RightHandPathRule.accept(RightHandPathRule.java:147)
	at com.sun.jersey.server.impl.uri.rules.ResourceClassRule.accept(ResourceClassRule.java:108)
	at com.sun.jersey.server.impl.uri.rules.RightHandPathRule.accept(RightHandPathRule.java:147)
	at com.sun.jersey.server.impl.uri.rules.RootResourceClassesRule.accept(RootResourceClassesRule.java:84)
	at com.sun.jersey.server.impl.application.WebApplicationImpl._handleRequest(WebApplicationImpl.java:1469)
	at com.sun.jersey.server.impl.application.WebApplicationImpl._handleRequest(WebApplicationImpl.java:1400)
	at com.sun.jersey.server.impl.application.WebApplicationImpl.handleRequest(WebApplicationImpl.java:1349)
	at com.sun.jersey.server.impl.application.WebApplicationImpl.handleRequest(WebApplicationImpl.java:1339)
	at com.sun.jersey.spi.container.servlet.WebComponent.service(WebComponent.java:416)
	at com.sun.jersey.spi.container.servlet.ServletContainer.service(ServletContainer.java:537)
	at com.sun.jersey.spi.container.servlet.ServletContainer.service(ServletContainer.java:699)
	at javax.servlet.http.HttpServlet.service(HttpServlet.java:848)
	at org.eclipse.jetty.servlet.ServletHolder.handle(ServletHolder.java:698)
	at org.eclipse.jetty.servlet.ServletHandler.doHandle(ServletHandler.java:505)
	at org.eclipse.jetty.server.session.SessionHandler.doHandle(SessionHandler.java:211)
	at org.eclipse.jetty.server.handler.ContextHandler.doHandle(ContextHandler.java:1096)
	at org.eclipse.jetty.servlet.ServletHandler.doScope(ServletHandler.java:432)
	at org.eclipse.jetty.server.session.SessionHandler.doScope(SessionHandler.java:175)
	at org.eclipse.jetty.server.handler.ContextHandler.doScope(ContextHandler.java:1030)
	at org.eclipse.jetty.server.handler.ScopedHandler.handle(ScopedHandler.java:136)
	at org.eclipse.jetty.server.handler.HandlerList.handle(HandlerList.java:52)
	at org.eclipse.jetty.server.handler.HandlerWrapper.handle(HandlerWrapper.java:97)
	at org.eclipse.jetty.server.Server.handle(Server.java:445)
	at org.eclipse.jetty.server.HttpChannel.handle(HttpChannel.java:268)
	at org.eclipse.jetty.server.HttpConnection.onFillable(HttpConnection.java:229)
	at org.eclipse.jetty.io.AbstractConnection$ReadCallback.run(AbstractConnection.java:358)
	at org.eclipse.jetty.util.thread.QueuedThreadPool.runJob(QueuedThreadPool.java:601)
	at org.eclipse.jetty.util.thread.QueuedThreadPool$3.run(QueuedThreadPool.java:532)
	at java.lang.Thread.run(Thread.java:745)

